0 info it worked if it ends with ok
1 verbose cli [ 'node', '/usr/local/bin/npm', 'run', 'deploy' ]
2 info using npm@2.7.3
3 info using node@v0.10.30
4 verbose run-script [ 'predeploy', 'deploy', 'postdeploy' ]
5 info predeploy cv-lo@1.0.0
6 verbose unsafe-perm in lifecycle true
7 info deploy cv-lo@1.0.0
8 verbose unsafe-perm in lifecycle true
9 info cv-lo@1.0.0 Failed to exec deploy script
10 verbose stack Error: cv-lo@1.0.0 deploy: `rsync --delete -r dist/ root@isaacgregson.com:/var/www/cv-lo/cv-lo.com/`
10 verbose stack Exit status 255
10 verbose stack     at EventEmitter.<anonymous> (/usr/local/lib/node_modules/npm/lib/utils/lifecycle.js:213:16)
10 verbose stack     at EventEmitter.emit (events.js:98:17)
10 verbose stack     at ChildProcess.<anonymous> (/usr/local/lib/node_modules/npm/lib/utils/spawn.js:14:12)
10 verbose stack     at ChildProcess.emit (events.js:98:17)
10 verbose stack     at maybeClose (child_process.js:756:16)
10 verbose stack     at Process.ChildProcess._handle.onexit (child_process.js:823:5)
11 verbose pkgid cv-lo@1.0.0
12 verbose cwd /home/isaac/Web/cv-lo
13 error Linux 3.19.2-1-ARCH
14 error argv "node" "/usr/local/bin/npm" "run" "deploy"
15 error node v0.10.30
16 error npm  v2.7.3
17 error code ELIFECYCLE
18 error cv-lo@1.0.0 deploy: `rsync --delete -r dist/ root@isaacgregson.com:/var/www/cv-lo/cv-lo.com/`
18 error Exit status 255
19 error Failed at the cv-lo@1.0.0 deploy script 'rsync --delete -r dist/ root@isaacgregson.com:/var/www/cv-lo/cv-lo.com/'.
19 error This is most likely a problem with the cv-lo package,
19 error not with npm itself.
19 error Tell the author that this fails on your system:
19 error     rsync --delete -r dist/ root@isaacgregson.com:/var/www/cv-lo/cv-lo.com/
19 error You can get their info via:
19 error     npm owner ls cv-lo
19 error There is likely additional logging output above.
20 verbose exit [ 1, true ]
